<?xml version="1.0" encoding="UTF-8"?>
<!-- Generated by org.testng.reporters.JUnitXMLReporter -->
<testsuite hostname="Manasa" name="Test" tests="4" failures="0" timestamp="24 May 2019 09:53:58 GMT" time="237.02" errors="0">
  <testcase name="basePageNavigation" time="1.193" classname="PageObjectModel.ValidateTitle"/>
  <testcase name="basePageNavigation" time="0.199" classname="PageObjectModel.ValidateNavigationBar"/>
  <testcase name="basePageNavigation" time="65.308" classname="PageObjectModel.HomePageTest"/>
  <testcase name="basePageNavigation" time="32.782" classname="PageObjectModel.HomePageTest"/>
</testsuite> <!-- Test -->
