<?xml version="1.0" encoding="UTF-8"?>
<!-- Generated by org.testng.reporters.JUnitXMLReporter -->
<testsuite hostname="Manasa" name="Test" tests="4" failures="0" timestamp="24 May 2019 11:00:45 GMT" time="271.579" errors="0">
  <testcase name="basePageNavigation" time="2.147" classname="PageObjectModel.ValidateTitle"/>
  <testcase name="basePageNavigation" time="0.044" classname="PageObjectModel.ValidateNavigationBar"/>
  <testcase name="basePageNavigation" time="73.454" classname="PageObjectModel.HomePageTest"/>
  <testcase name="basePageNavigation" time="27.183" classname="PageObjectModel.HomePageTest"/>
</testsuite> <!-- Test -->
