<?xml version="1.0" encoding="UTF-8"?>
<testng-results skipped="0" failed="1" total="4" passed="3">
  <reporter-output>
  </reporter-output>
  <suite name="Suite" duration-ms="132199" started-at="2019-05-26T00:31:29Z" finished-at="2019-05-26T00:33:42Z">
    <groups>
    </groups>
    <test name="Validating User login" duration-ms="70356" started-at="2019-05-26T00:31:29Z" finished-at="2019-05-26T00:32:40Z">
      <class name="PageObjectModel.HomePageTest">
        <test-method status="PASS" signature="initialize()[pri:0, instance:PageObjectModel.HomePageTest@5aebe890]" name="initialize" is-config="true" duration-ms="9208" started-at="2019-05-26T06:01:29Z" finished-at="2019-05-26T06:01:39Z">
          <reporter-output>
          </reporter-output>
        </test-method> <!-- initialize -->
        <test-method status="PASS" signature="basePageNavigation(java.lang.String, java.lang.String, java.lang.String)[pri:0, instance:PageObjectModel.HomePageTest@5aebe890]" name="basePageNavigation" duration-ms="43285" started-at="2019-05-26T06:01:39Z" data-provider="getData" finished-at="2019-05-26T06:02:22Z">
          <params>
            <param index="0">
              <value>
                <![CDATA[nonrestricteduser@q.com]]>
              </value>
            </param>
            <param index="1">
              <value>
                <![CDATA[1323435]]>
              </value>
            </param>
            <param index="2">
              <value>
                <![CDATA[Non Restricted User]]>
              </value>
            </param>
          </params>
          <reporter-output>
          </reporter-output>
        </test-method> <!-- basePageNavigation -->
        <test-method status="PASS" signature="basePageNavigation(java.lang.String, java.lang.String, java.lang.String)[pri:0, instance:PageObjectModel.HomePageTest@5aebe890]" name="basePageNavigation" duration-ms="17618" started-at="2019-05-26T06:02:22Z" data-provider="getData" finished-at="2019-05-26T06:02:40Z">
          <params>
            <param index="0">
              <value>
                <![CDATA[restricteduser@q.com]]>
              </value>
            </param>
            <param index="1">
              <value>
                <![CDATA[1323435]]>
              </value>
            </param>
            <param index="2">
              <value>
                <![CDATA[Restricted User]]>
              </value>
            </param>
          </params>
          <reporter-output>
          </reporter-output>
        </test-method> <!-- basePageNavigation -->
        <test-method status="PASS" signature="tearDown()[pri:0, instance:PageObjectModel.HomePageTest@5aebe890]" name="tearDown" is-config="true" duration-ms="209" started-at="2019-05-26T06:02:40Z" finished-at="2019-05-26T06:02:40Z">
          <reporter-output>
          </reporter-output>
        </test-method> <!-- tearDown -->
      </class> <!-- PageObjectModel.HomePageTest -->
    </test> <!-- Validating User login -->
    <test name="Validating title in the Page" duration-ms="20322" started-at="2019-05-26T00:32:43Z" finished-at="2019-05-26T00:33:03Z">
      <class name="PageObjectModel.ValidateTitle">
        <test-method status="PASS" signature="initialize()[pri:0, instance:PageObjectModel.ValidateTitle@77f80c04]" name="initialize" is-config="true" duration-ms="15202" started-at="2019-05-26T06:02:43Z" finished-at="2019-05-26T06:02:58Z">
          <reporter-output>
          </reporter-output>
        </test-method> <!-- initialize -->
        <test-method status="FAIL" signature="basePageNavigation()[pri:0, instance:PageObjectModel.ValidateTitle@77f80c04]" name="basePageNavigation" duration-ms="352" started-at="2019-05-26T06:02:58Z" finished-at="2019-05-26T06:02:58Z">
          <exception class="junit.framework.ComparisonFailure">
            <message>
              <![CDATA[expected:<...> but was:<...123>]]>
            </message>
            <full-stacktrace>
              <![CDATA[junit.framework.ComparisonFailure: expected:<...> but was:<...123>
	at junit.framework.Assert.assertEquals(Assert.java:81)
	at junit.framework.Assert.assertEquals(Assert.java:87)
	at PageObjectModel.ValidateTitle.basePageNavigation(ValidateTitle.java:37)
	at sun.reflect.NativeMethodAccessorImpl.invoke0(Native Method)
	at sun.reflect.NativeMethodAccessorImpl.invoke(NativeMethodAccessorImpl.java:62)
	at sun.reflect.DelegatingMethodAccessorImpl.invoke(DelegatingMethodAccessorImpl.java:43)
	at java.lang.reflect.Method.invoke(Method.java:498)
	at org.testng.internal.MethodInvocationHelper.invokeMethod(MethodInvocationHelper.java:80)
	at org.testng.internal.Invoker.invokeMethod(Invoker.java:714)
	at org.testng.internal.Invoker.invokeTestMethod(Invoker.java:901)
	at org.testng.internal.Invoker.invokeTestMethods(Invoker.java:1231)
	at org.testng.internal.TestMethodWorker.invokeTestMethods(TestMethodWorker.java:127)
	at org.testng.internal.TestMethodWorker.run(TestMethodWorker.java:111)
	at org.testng.TestRunner.privateRun(TestRunner.java:767)
	at org.testng.TestRunner.run(TestRunner.java:617)
	at org.testng.SuiteRunner.runTest(SuiteRunner.java:334)
	at org.testng.SuiteRunner.runSequentially(SuiteRunner.java:329)
	at org.testng.SuiteRunner.privateRun(SuiteRunner.java:291)
	at org.testng.SuiteRunner.run(SuiteRunner.java:240)
	at org.testng.SuiteRunnerWorker.runSuite(SuiteRunnerWorker.java:52)
	at org.testng.SuiteRunnerWorker.run(SuiteRunnerWorker.java:86)
	at org.testng.TestNG.runSuitesSequentially(TestNG.java:1198)
	at org.testng.TestNG.runSuitesLocally(TestNG.java:1123)
	at org.testng.TestNG.run(TestNG.java:1031)
	at org.apache.maven.surefire.testng.TestNGExecutor.run(TestNGExecutor.java:283)
	at org.apache.maven.surefire.testng.TestNGXmlTestSuite.execute(TestNGXmlTestSuite.java:75)
	at org.apache.maven.surefire.testng.TestNGProvider.invoke(TestNGProvider.java:120)
	at org.apache.maven.surefire.booter.ForkedBooter.invokeProviderInSameClassLoader(ForkedBooter.java:384)
	at org.apache.maven.surefire.booter.ForkedBooter.runSuitesInProcess(ForkedBooter.java:345)
	at org.apache.maven.surefire.booter.ForkedBooter.execute(ForkedBooter.java:126)
	at org.apache.maven.surefire.booter.ForkedBooter.main(ForkedBooter.java:418)
]]>
            </full-stacktrace>
          </exception> <!-- junit.framework.ComparisonFailure -->
          <reporter-output>
          </reporter-output>
        </test-method> <!-- basePageNavigation -->
        <test-method status="PASS" signature="tearDown()[pri:0, instance:PageObjectModel.ValidateTitle@77f80c04]" name="tearDown" is-config="true" duration-ms="38" started-at="2019-05-26T06:03:03Z" finished-at="2019-05-26T06:03:03Z">
          <reporter-output>
          </reporter-output>
        </test-method> <!-- tearDown -->
      </class> <!-- PageObjectModel.ValidateTitle -->
    </test> <!-- Validating title in the Page -->
    <test name="App Testing" duration-ms="0" started-at="2019-05-26T00:33:05Z" finished-at="2019-05-26T00:33:05Z">
    </test> <!-- App Testing -->
    <test name="Validating navigation Bar" duration-ms="36661" started-at="2019-05-26T00:33:05Z" finished-at="2019-05-26T00:33:42Z">
      <class name="PageObjectModel.ValidateNavigationBar">
        <test-method status="PASS" signature="initialize()[pri:0, instance:PageObjectModel.ValidateNavigationBar@68567e20]" name="initialize" is-config="true" duration-ms="35224" started-at="2019-05-26T06:03:05Z" finished-at="2019-05-26T06:03:40Z">
          <reporter-output>
          </reporter-output>
        </test-method> <!-- initialize -->
        <test-method status="PASS" signature="basePageNavigation()[pri:0, instance:PageObjectModel.ValidateNavigationBar@68567e20]" name="basePageNavigation" duration-ms="1400" started-at="2019-05-26T06:03:40Z" finished-at="2019-05-26T06:03:42Z">
          <reporter-output>
          </reporter-output>
        </test-method> <!-- basePageNavigation -->
        <test-method status="PASS" signature="tearDown()[pri:0, instance:PageObjectModel.ValidateNavigationBar@68567e20]" name="tearDown" is-config="true" duration-ms="36" started-at="2019-05-26T06:03:42Z" finished-at="2019-05-26T06:03:42Z">
          <reporter-output>
          </reporter-output>
        </test-method> <!-- tearDown -->
      </class> <!-- PageObjectModel.ValidateNavigationBar -->
    </test> <!-- Validating navigation Bar -->
  </suite> <!-- Suite -->
</testng-results>
